test2.obj : error LNK2019: 无法解析的外部符号 scanf，函数 main 中引用了该符号
test2.obj : error LNK2019: 无法解析的外部符号 printf，函数 main 中引用了该符号
D:\code\test.c\Project3\x64\Debug\Project3.exe : fatal error LNK1120: 2 个无法解析的外部命令
